-------------LETTER 9-------------
A on ENCRYPTED_LETTER is M in Reality.
B on ENCRYPTED_LETTER is N in Reality.
C on ENCRYPTED_LETTER is O in Reality.
D on ENCRYPTED_LETTER is P in Reality.
E on ENCRYPTED_LETTER is Q in Reality.
F on ENCRYPTED_LETTER is R in Reality.
G on ENCRYPTED_LETTER is S in Reality.
H on ENCRYPTED_LETTER is T in Reality.
I on ENCRYPTED_LETTER is U in Reality.
J on ENCRYPTED_LETTER is V in Reality.
K on ENCRYPTED_LETTER is W in Reality.
L on ENCRYPTED_LETTER is X in Reality.
M on ENCRYPTED_LETTER is Y in Reality.
N on ENCRYPTED_LETTER is Z in Reality.
O on ENCRYPTED_LETTER is A in Reality.
P on ENCRYPTED_LETTER is B in Reality.
Q on ENCRYPTED_LETTER is C in Reality.
R on ENCRYPTED_LETTER is D in Reality.
S on ENCRYPTED_LETTER is E in Reality.
T on ENCRYPTED_LETTER is F in Reality.
U on ENCRYPTED_LETTER is G in Reality.
V on ENCRYPTED_LETTER is H in Reality.
W on ENCRYPTED_LETTER is I in Reality.
X on ENCRYPTED_LETTER is J in Reality.
Y on ENCRYPTED_LETTER is K in Reality.
Z on ENCRYPTED_LETTER is L in Reality.

A in Reality is to be O on ENCRYPTED_LETTER.
B in Reality is to be P on ENCRYPTED_LETTER.
C in Reality is to be Q on ENCRYPTED_LETTER.
D in Reality is to be R on ENCRYPTED_LETTER.
E in Reality is to be S on ENCRYPTED_LETTER.
F in Reality is to be T on ENCRYPTED_LETTER.
G in Reality is to be U on ENCRYPTED_LETTER.
H in Reality is to be V on ENCRYPTED_LETTER.
I in Reality is to be W on ENCRYPTED_LETTER.
J in Reality is to be X on ENCRYPTED_LETTER.
K in Reality is to be Y on ENCRYPTED_LETTER.
L in Reality is to be Z on ENCRYPTED_LETTER.
M in Reality is to be A on ENCRYPTED_LETTER.
N in Reality is to be B on ENCRYPTED_LETTER.
O in Reality is to be C on ENCRYPTED_LETTER.
P in Reality is to be D on ENCRYPTED_LETTER.
Q in Reality is to be E on ENCRYPTED_LETTER.
R in Reality is to be F on ENCRYPTED_LETTER.
S in Reality is to be G on ENCRYPTED_LETTER.
T in Reality is to be H on ENCRYPTED_LETTER.
U in Reality is to be I on ENCRYPTED_LETTER.
V in Reality is to be J on ENCRYPTED_LETTER.
W in Reality is to be K on ENCRYPTED_LETTER.
X in Reality is to be L on ENCRYPTED_LETTER.
Y in Reality is to be M on ENCRYPTED_LETTER.
Z in Reality is to be N on ENCRYPTED_LETTER.

