-------------LETTER 14-------------
A in encrypted_letter is C in raw_letter.
B in encrypted_letter is D in raw_letter.
C in encrypted_letter is E in raw_letter.
D in encrypted_letter is F in raw_letter.
E in encrypted_letter is G in raw_letter.
F in encrypted_letter is H in raw_letter.
G in encrypted_letter is I in raw_letter.
H in encrypted_letter is J in raw_letter.
I in encrypted_letter is K in raw_letter.
J in encrypted_letter is L in raw_letter.
K in encrypted_letter is M in raw_letter.
L in encrypted_letter is N in raw_letter.
M in encrypted_letter is O in raw_letter.
N in encrypted_letter is P in raw_letter.
O in encrypted_letter is Q in raw_letter.
P in encrypted_letter is R in raw_letter.
Q in encrypted_letter is S in raw_letter.
R in encrypted_letter is T in raw_letter.
S in encrypted_letter is U in raw_letter.
T in encrypted_letter is V in raw_letter.
U in encrypted_letter is W in raw_letter.
V in encrypted_letter is X in raw_letter.
W in encrypted_letter is Y in raw_letter.
X in encrypted_letter is Z in raw_letter.
Y in encrypted_letter is A in raw_letter.
Z in encrypted_letter is B in raw_letter.

A in raw_letter is to be Y on encrypted_letter.
B in raw_letter is to be Z on encrypted_letter.
C in raw_letter is to be A on encrypted_letter.
D in raw_letter is to be B on encrypted_letter.
E in raw_letter is to be C on encrypted_letter.
F in raw_letter is to be D on encrypted_letter.
G in raw_letter is to be E on encrypted_letter.
H in raw_letter is to be F on encrypted_letter.
I in raw_letter is to be G on encrypted_letter.
J in raw_letter is to be H on encrypted_letter.
K in raw_letter is to be I on encrypted_letter.
L in raw_letter is to be J on encrypted_letter.
M in raw_letter is to be K on encrypted_letter.
N in raw_letter is to be L on encrypted_letter.
O in raw_letter is to be M on encrypted_letter.
P in raw_letter is to be N on encrypted_letter.
Q in raw_letter is to be O on encrypted_letter.
R in raw_letter is to be P on encrypted_letter.
S in raw_letter is to be Q on encrypted_letter.
T in raw_letter is to be R on encrypted_letter.
U in raw_letter is to be S on encrypted_letter.
V in raw_letter is to be T on encrypted_letter.
W in raw_letter is to be U on encrypted_letter.
X in raw_letter is to be V on encrypted_letter.
Y in raw_letter is to be W on encrypted_letter.
Z in raw_letter is to be X on encrypted_letter.

